<?xml version="1.0" encoding="UTF-8"?>
<testng-results ignored="0" total="1" passed="1" failed="0" skipped="0">
  <reporter-output>
  </reporter-output>
  <suite started-at="2022-12-08T16:02:37 IST" name="Default suite" finished-at="2022-12-08T16:03:02 IST" duration-ms="24463">
    <groups>
    </groups>
    <test started-at="2022-12-08T16:02:37 IST" name="Default test" finished-at="2022-12-08T16:03:02 IST" duration-ms="24463">
      <class name="LoginTest.ToVerifyHomePageTest">
        <test-method is-config="true" signature="bsConfig()[pri:0, instance:LoginTest.ToVerifyHomePageTest@3d51f06e]" started-at="2022-12-08T16:02:37 IST" name="bsConfig" finished-at="2022-12-08T16:02:37 IST" duration-ms="11" status="PASS">
          <reporter-output>
          </reporter-output>
        </test-method> <!-- bsConfig -->
        <test-method is-config="true" signature="bcConfig()[pri:0, instance:LoginTest.ToVerifyHomePageTest@3d51f06e]" started-at="2022-12-08T16:02:37 IST" name="bcConfig" finished-at="2022-12-08T16:02:53 IST" duration-ms="16065" status="PASS">
          <reporter-output>
          </reporter-output>
        </test-method> <!-- bcConfig -->
        <test-method is-config="true" signature="bmConfig()[pri:0, instance:LoginTest.ToVerifyHomePageTest@3d51f06e]" started-at="2022-12-08T16:02:54 IST" name="bmConfig" finished-at="2022-12-08T16:02:54 IST" duration-ms="583" status="PASS">
          <reporter-output>
          </reporter-output>
        </test-method> <!-- bmConfig -->
        <test-method signature="demoTest()[pri:0, instance:LoginTest.ToVerifyHomePageTest@3d51f06e]" started-at="2022-12-08T16:02:54 IST" name="demoTest" finished-at="2022-12-08T16:02:59 IST" duration-ms="5153" status="PASS">
          <reporter-output>
          </reporter-output>
        </test-method> <!-- demoTest -->
        <test-method is-config="true" signature="amConfig()[pri:0, instance:LoginTest.ToVerifyHomePageTest@3d51f06e]" started-at="2022-12-08T16:02:59 IST" name="amConfig" finished-at="2022-12-08T16:03:01 IST" duration-ms="1539" status="PASS">
          <reporter-output>
          </reporter-output>
        </test-method> <!-- amConfig -->
        <test-method is-config="true" signature="acConfig()[pri:0, instance:LoginTest.ToVerifyHomePageTest@3d51f06e]" started-at="2022-12-08T16:03:01 IST" name="acConfig" finished-at="2022-12-08T16:03:02 IST" duration-ms="1074" status="PASS">
          <reporter-output>
          </reporter-output>
        </test-method> <!-- acConfig -->
        <test-method is-config="true" signature="asConfig()[pri:0, instance:LoginTest.ToVerifyHomePageTest@3d51f06e]" started-at="2022-12-08T16:03:02 IST" name="asConfig" finished-at="2022-12-08T16:03:02 IST" duration-ms="1" status="PASS">
          <reporter-output>
          </reporter-output>
        </test-method> <!-- asConfig -->
      </class> <!-- LoginTest.ToVerifyHomePageTest -->
    </test> <!-- Default test -->
  </suite> <!-- Default suite -->
</testng-results>
